Starting PayServiceImplTest on RobertdeMBP.lan with PID 1111 (started by robert in /Users/robert/IdeaProjects/sell)
No active profile set, falling back to default profiles: default
Refreshing org.springframework.web.context.support.GenericWebApplicationContext@163d04ff: startup date [Wed Mar 25 19:28:18 CST 2020]; root of context hierarchy
HV000001: Hibernate Validator 5.3.5.Final
JSR-330 'javax.inject.Inject' annotation found and supported for autowiring
Building JPA container EntityManagerFactory for persistence unit 'default'
HHH000204: Processing PersistenceUnitInfo [
	name: default
	...]
HHH000412: Hibernate Core {5.0.12.Final}
HHH000206: hibernate.properties not found
HHH000021: Bytecode provider name : javassist
HCANN000001: Hibernate Commons Annotations {5.0.1.Final}
HHH000400: Using dialect: org.hibernate.dialect.MySQL5Dialect
Initialized JPA EntityManagerFactory for persistence unit 'default'
Looking for @ControllerAdvice: org.springframework.web.context.support.GenericWebApplicationContext@163d04ff: startup date [Wed Mar 25 19:28:18 CST 2020]; root of context hierarchy
Mapped "{[/buyer/order/detail]}" onto public com.imooc.sell.vo.ResultVO<com.imooc.sell.dto.OrderDTO> com.imooc.sell.controller.BuyerOrderController.detail(java.lang.String,java.lang.String)
Mapped "{[/buyer/order/cancel]}" onto public com.imooc.sell.vo.ResultVO com.imooc.sell.controller.BuyerOrderController.cancel(java.lang.String,java.lang.String)
Mapped "{[/buyer/order/create]}" onto public com.imooc.sell.vo.ResultVO<java.util.Map<java.lang.String, java.lang.String>> com.imooc.sell.controller.BuyerOrderController.create(com.imooc.sell.form.OrderForm,org.springframework.validation.BindingResult)
Mapped "{[/buyer/order/list]}" onto public com.imooc.sell.vo.ResultVO<java.util.List<com.imooc.sell.dto.OrderDTO>> com.imooc.sell.controller.BuyerOrderController.list(java.lang.String,java.lang.Integer,java.lang.Integer)
Mapped "{[/buyer/product/list],methods=[GET]}" onto public com.imooc.sell.vo.ResultVO com.imooc.sell.controller.BuyerProductController.list()
Mapped "{[/create],methods=[GET]}" onto public void com.imooc.sell.controller.PayController.create(java.lang.String,java.lang.String)
Mapped "{[/wechat/authorize],methods=[GET]}" onto public java.lang.String com.imooc.sell.controller.WechatController.authorize(java.lang.String)
Mapped "{[/wechat/userInfo],methods=[GET]}" onto public java.lang.String com.imooc.sell.controller.WechatController.userInfo(java.lang.String,java.lang.String)
Mapped "{[/weixin/auth],methods=[GET]}" onto public void com.imooc.sell.controller.WeixinController.auth(java.lang.String)
Mapped "{[/error],produces=[text/html]}" onto public org.springframework.web.servlet.ModelAndView org.springframework.boot.autoconfigure.web.BasicErrorController.errorHtml(javax.servlet.http.HttpServletRequest,javax.servlet.http.HttpServletResponse)
Mapped "{[/error]}" onto public org.springframework.http.ResponseEntity<java.util.Map<java.lang.String, java.lang.Object>> org.springframework.boot.autoconfigure.web.BasicErrorController.error(javax.servlet.http.HttpServletRequest)
Mapped URL path [/webjars/**] onto handler of type [class org.springframework.web.servlet.resource.ResourceHttpRequestHandler]
Mapped URL path [/**] onto handler of type [class org.springframework.web.servlet.resource.ResourceHttpRequestHandler]
Mapped URL path [/**/favicon.ico] onto handler of type [class org.springframework.web.servlet.resource.ResourceHttpRequestHandler]
Started PayServiceImplTest in 4.993 seconds (JVM running for 6.411)
Closing org.springframework.web.context.support.GenericWebApplicationContext@163d04ff: startup date [Wed Mar 25 19:28:18 CST 2020]; root of context hierarchy
Closing JPA EntityManagerFactory for persistence unit 'default'
Starting PayServiceImplTest on RobertdeMBP.lan with PID 1129 (started by robert in /Users/robert/IdeaProjects/sell)
No active profile set, falling back to default profiles: default
Refreshing org.springframework.web.context.support.GenericWebApplicationContext@57eda880: startup date [Wed Mar 25 19:39:49 CST 2020]; root of context hierarchy
HV000001: Hibernate Validator 5.3.5.Final
JSR-330 'javax.inject.Inject' annotation found and supported for autowiring
Building JPA container EntityManagerFactory for persistence unit 'default'
HHH000204: Processing PersistenceUnitInfo [
	name: default
	...]
HHH000412: Hibernate Core {5.0.12.Final}
HHH000206: hibernate.properties not found
HHH000021: Bytecode provider name : javassist
HCANN000001: Hibernate Commons Annotations {5.0.1.Final}
HHH000400: Using dialect: org.hibernate.dialect.MySQL5Dialect
Initialized JPA EntityManagerFactory for persistence unit 'default'
Looking for @ControllerAdvice: org.springframework.web.context.support.GenericWebApplicationContext@57eda880: startup date [Wed Mar 25 19:39:49 CST 2020]; root of context hierarchy
Mapped "{[/buyer/order/create]}" onto public com.imooc.sell.vo.ResultVO<java.util.Map<java.lang.String, java.lang.String>> com.imooc.sell.controller.BuyerOrderController.create(com.imooc.sell.form.OrderForm,org.springframework.validation.BindingResult)
Mapped "{[/buyer/order/list]}" onto public com.imooc.sell.vo.ResultVO<java.util.List<com.imooc.sell.dto.OrderDTO>> com.imooc.sell.controller.BuyerOrderController.list(java.lang.String,java.lang.Integer,java.lang.Integer)
Mapped "{[/buyer/order/cancel]}" onto public com.imooc.sell.vo.ResultVO com.imooc.sell.controller.BuyerOrderController.cancel(java.lang.String,java.lang.String)
Mapped "{[/buyer/order/detail]}" onto public com.imooc.sell.vo.ResultVO<com.imooc.sell.dto.OrderDTO> com.imooc.sell.controller.BuyerOrderController.detail(java.lang.String,java.lang.String)
Mapped "{[/buyer/product/list],methods=[GET]}" onto public com.imooc.sell.vo.ResultVO com.imooc.sell.controller.BuyerProductController.list()
Mapped "{[/create],methods=[GET]}" onto public void com.imooc.sell.controller.PayController.create(java.lang.String,java.lang.String)
Mapped "{[/wechat/userInfo],methods=[GET]}" onto public java.lang.String com.imooc.sell.controller.WechatController.userInfo(java.lang.String,java.lang.String)
Mapped "{[/wechat/authorize],methods=[GET]}" onto public java.lang.String com.imooc.sell.controller.WechatController.authorize(java.lang.String)
Mapped "{[/weixin/auth],methods=[GET]}" onto public void com.imooc.sell.controller.WeixinController.auth(java.lang.String)
Mapped "{[/error],produces=[text/html]}" onto public org.springframework.web.servlet.ModelAndView org.springframework.boot.autoconfigure.web.BasicErrorController.errorHtml(javax.servlet.http.HttpServletRequest,javax.servlet.http.HttpServletResponse)
Mapped "{[/error]}" onto public org.springframework.http.ResponseEntity<java.util.Map<java.lang.String, java.lang.Object>> org.springframework.boot.autoconfigure.web.BasicErrorController.error(javax.servlet.http.HttpServletRequest)
Mapped URL path [/webjars/**] onto handler of type [class org.springframework.web.servlet.resource.ResourceHttpRequestHandler]
Mapped URL path [/**] onto handler of type [class org.springframework.web.servlet.resource.ResourceHttpRequestHandler]
Mapped URL path [/**/favicon.ico] onto handler of type [class org.springframework.web.servlet.resource.ResourceHttpRequestHandler]
Started PayServiceImplTest in 5.566 seconds (JVM running for 6.392)
HHH000397: Using ASTQueryTranslatorFactory
【微信支付】request=PayRequest(payTypeEnum=WXPAY_H5, orderId=1584867260118258357, orderAmount=40.0, orderName=微信点餐订单, openid="ew3euwhd7sjw9diwkq")
Closing org.springframework.web.context.support.GenericWebApplicationContext@57eda880: startup date [Wed Mar 25 19:39:49 CST 2020]; root of context hierarchy
Closing JPA EntityManagerFactory for persistence unit 'default'
Starting PayServiceImplTest on RobertdeMBP.lan with PID 1135 (started by robert in /Users/robert/IdeaProjects/sell)
No active profile set, falling back to default profiles: default
Refreshing org.springframework.web.context.support.GenericWebApplicationContext@2b5825fa: startup date [Wed Mar 25 19:46:08 CST 2020]; root of context hierarchy
HV000001: Hibernate Validator 5.3.5.Final
JSR-330 'javax.inject.Inject' annotation found and supported for autowiring
Building JPA container EntityManagerFactory for persistence unit 'default'
HHH000204: Processing PersistenceUnitInfo [
	name: default
	...]
HHH000412: Hibernate Core {5.0.12.Final}
HHH000206: hibernate.properties not found
HHH000021: Bytecode provider name : javassist
HCANN000001: Hibernate Commons Annotations {5.0.1.Final}
HHH000400: Using dialect: org.hibernate.dialect.MySQL5Dialect
Initialized JPA EntityManagerFactory for persistence unit 'default'
Looking for @ControllerAdvice: org.springframework.web.context.support.GenericWebApplicationContext@2b5825fa: startup date [Wed Mar 25 19:46:08 CST 2020]; root of context hierarchy
Mapped "{[/buyer/order/cancel]}" onto public com.imooc.sell.vo.ResultVO com.imooc.sell.controller.BuyerOrderController.cancel(java.lang.String,java.lang.String)
Mapped "{[/buyer/order/create]}" onto public com.imooc.sell.vo.ResultVO<java.util.Map<java.lang.String, java.lang.String>> com.imooc.sell.controller.BuyerOrderController.create(com.imooc.sell.form.OrderForm,org.springframework.validation.BindingResult)
Mapped "{[/buyer/order/list]}" onto public com.imooc.sell.vo.ResultVO<java.util.List<com.imooc.sell.dto.OrderDTO>> com.imooc.sell.controller.BuyerOrderController.list(java.lang.String,java.lang.Integer,java.lang.Integer)
Mapped "{[/buyer/order/detail]}" onto public com.imooc.sell.vo.ResultVO<com.imooc.sell.dto.OrderDTO> com.imooc.sell.controller.BuyerOrderController.detail(java.lang.String,java.lang.String)
Mapped "{[/buyer/product/list],methods=[GET]}" onto public com.imooc.sell.vo.ResultVO com.imooc.sell.controller.BuyerProductController.list()
Mapped "{[/create],methods=[GET]}" onto public void com.imooc.sell.controller.PayController.create(java.lang.String,java.lang.String)
Mapped "{[/wechat/userInfo],methods=[GET]}" onto public java.lang.String com.imooc.sell.controller.WechatController.userInfo(java.lang.String,java.lang.String)
Mapped "{[/wechat/authorize],methods=[GET]}" onto public java.lang.String com.imooc.sell.controller.WechatController.authorize(java.lang.String)
Mapped "{[/weixin/auth],methods=[GET]}" onto public void com.imooc.sell.controller.WeixinController.auth(java.lang.String)
Mapped "{[/error]}" onto public org.springframework.http.ResponseEntity<java.util.Map<java.lang.String, java.lang.Object>> org.springframework.boot.autoconfigure.web.BasicErrorController.error(javax.servlet.http.HttpServletRequest)
Mapped "{[/error],produces=[text/html]}" onto public org.springframework.web.servlet.ModelAndView org.springframework.boot.autoconfigure.web.BasicErrorController.errorHtml(javax.servlet.http.HttpServletRequest,javax.servlet.http.HttpServletResponse)
Mapped URL path [/webjars/**] onto handler of type [class org.springframework.web.servlet.resource.ResourceHttpRequestHandler]
Mapped URL path [/**] onto handler of type [class org.springframework.web.servlet.resource.ResourceHttpRequestHandler]
Mapped URL path [/**/favicon.ico] onto handler of type [class org.springframework.web.servlet.resource.ResourceHttpRequestHandler]
Started PayServiceImplTest in 4.605 seconds (JVM running for 5.492)
HHH000397: Using ASTQueryTranslatorFactory
【微信支付】request=PayRequest(payTypeEnum=WXPAY_H5, orderId=1584867260118258357, orderAmount=40.0, orderName=微信点餐订单, openid="ew3euwhd7sjw9diwkq")
Closing org.springframework.web.context.support.GenericWebApplicationContext@2b5825fa: startup date [Wed Mar 25 19:46:08 CST 2020]; root of context hierarchy
Closing JPA EntityManagerFactory for persistence unit 'default'
Starting PayServiceImplTest on RobertdeMBP.lan with PID 1141 (started by robert in /Users/robert/IdeaProjects/sell)
No active profile set, falling back to default profiles: default
Refreshing org.springframework.web.context.support.GenericWebApplicationContext@163d04ff: startup date [Wed Mar 25 19:50:05 CST 2020]; root of context hierarchy
HV000001: Hibernate Validator 5.3.5.Final
JSR-330 'javax.inject.Inject' annotation found and supported for autowiring
Building JPA container EntityManagerFactory for persistence unit 'default'
HHH000204: Processing PersistenceUnitInfo [
	name: default
	...]
HHH000412: Hibernate Core {5.0.12.Final}
HHH000206: hibernate.properties not found
HHH000021: Bytecode provider name : javassist
HCANN000001: Hibernate Commons Annotations {5.0.1.Final}
HHH000400: Using dialect: org.hibernate.dialect.MySQL5Dialect
Initialized JPA EntityManagerFactory for persistence unit 'default'
Looking for @ControllerAdvice: org.springframework.web.context.support.GenericWebApplicationContext@163d04ff: startup date [Wed Mar 25 19:50:05 CST 2020]; root of context hierarchy
Mapped "{[/buyer/order/cancel]}" onto public com.imooc.sell.vo.ResultVO com.imooc.sell.controller.BuyerOrderController.cancel(java.lang.String,java.lang.String)
Mapped "{[/buyer/order/create]}" onto public com.imooc.sell.vo.ResultVO<java.util.Map<java.lang.String, java.lang.String>> com.imooc.sell.controller.BuyerOrderController.create(com.imooc.sell.form.OrderForm,org.springframework.validation.BindingResult)
Mapped "{[/buyer/order/list]}" onto public com.imooc.sell.vo.ResultVO<java.util.List<com.imooc.sell.dto.OrderDTO>> com.imooc.sell.controller.BuyerOrderController.list(java.lang.String,java.lang.Integer,java.lang.Integer)
Mapped "{[/buyer/order/detail]}" onto public com.imooc.sell.vo.ResultVO<com.imooc.sell.dto.OrderDTO> com.imooc.sell.controller.BuyerOrderController.detail(java.lang.String,java.lang.String)
Mapped "{[/buyer/product/list],methods=[GET]}" onto public com.imooc.sell.vo.ResultVO com.imooc.sell.controller.BuyerProductController.list()
Mapped "{[/create],methods=[GET]}" onto public void com.imooc.sell.controller.PayController.create(java.lang.String,java.lang.String)
Mapped "{[/wechat/authorize],methods=[GET]}" onto public java.lang.String com.imooc.sell.controller.WechatController.authorize(java.lang.String)
Mapped "{[/wechat/userInfo],methods=[GET]}" onto public java.lang.String com.imooc.sell.controller.WechatController.userInfo(java.lang.String,java.lang.String)
Mapped "{[/weixin/auth],methods=[GET]}" onto public void com.imooc.sell.controller.WeixinController.auth(java.lang.String)
Mapped "{[/error]}" onto public org.springframework.http.ResponseEntity<java.util.Map<java.lang.String, java.lang.Object>> org.springframework.boot.autoconfigure.web.BasicErrorController.error(javax.servlet.http.HttpServletRequest)
Mapped "{[/error],produces=[text/html]}" onto public org.springframework.web.servlet.ModelAndView org.springframework.boot.autoconfigure.web.BasicErrorController.errorHtml(javax.servlet.http.HttpServletRequest,javax.servlet.http.HttpServletResponse)
Mapped URL path [/webjars/**] onto handler of type [class org.springframework.web.servlet.resource.ResourceHttpRequestHandler]
Mapped URL path [/**] onto handler of type [class org.springframework.web.servlet.resource.ResourceHttpRequestHandler]
Mapped URL path [/**/favicon.ico] onto handler of type [class org.springframework.web.servlet.resource.ResourceHttpRequestHandler]
Started PayServiceImplTest in 4.557 seconds (JVM running for 5.461)
HHH000397: Using ASTQueryTranslatorFactory
【微信支付】request=PayRequest(payTypeEnum=WXPAY_H5, orderId=1584867260118258357, orderAmount=40.0, orderName=微信点餐订单, openid="ew3euwhd7sjw9diwkq")
Closing org.springframework.web.context.support.GenericWebApplicationContext@163d04ff: startup date [Wed Mar 25 19:50:05 CST 2020]; root of context hierarchy
Closing JPA EntityManagerFactory for persistence unit 'default'
Starting PayServiceImplTest on RobertdeMBP.lan with PID 1162 (started by robert in /Users/robert/IdeaProjects/sell)
No active profile set, falling back to default profiles: default
Refreshing org.springframework.web.context.support.GenericWebApplicationContext@163d04ff: startup date [Wed Mar 25 19:56:44 CST 2020]; root of context hierarchy
HV000001: Hibernate Validator 5.3.5.Final
JSR-330 'javax.inject.Inject' annotation found and supported for autowiring
Building JPA container EntityManagerFactory for persistence unit 'default'
HHH000204: Processing PersistenceUnitInfo [
	name: default
	...]
HHH000412: Hibernate Core {5.0.12.Final}
HHH000206: hibernate.properties not found
HHH000021: Bytecode provider name : javassist
HCANN000001: Hibernate Commons Annotations {5.0.1.Final}
HHH000400: Using dialect: org.hibernate.dialect.MySQL5Dialect
Initialized JPA EntityManagerFactory for persistence unit 'default'
Looking for @ControllerAdvice: org.springframework.web.context.support.GenericWebApplicationContext@163d04ff: startup date [Wed Mar 25 19:56:44 CST 2020]; root of context hierarchy
Mapped "{[/buyer/order/create]}" onto public com.imooc.sell.vo.ResultVO<java.util.Map<java.lang.String, java.lang.String>> com.imooc.sell.controller.BuyerOrderController.create(com.imooc.sell.form.OrderForm,org.springframework.validation.BindingResult)
Mapped "{[/buyer/order/list]}" onto public com.imooc.sell.vo.ResultVO<java.util.List<com.imooc.sell.dto.OrderDTO>> com.imooc.sell.controller.BuyerOrderController.list(java.lang.String,java.lang.Integer,java.lang.Integer)
Mapped "{[/buyer/order/detail]}" onto public com.imooc.sell.vo.ResultVO<com.imooc.sell.dto.OrderDTO> com.imooc.sell.controller.BuyerOrderController.detail(java.lang.String,java.lang.String)
Mapped "{[/buyer/order/cancel]}" onto public com.imooc.sell.vo.ResultVO com.imooc.sell.controller.BuyerOrderController.cancel(java.lang.String,java.lang.String)
Mapped "{[/buyer/product/list],methods=[GET]}" onto public com.imooc.sell.vo.ResultVO com.imooc.sell.controller.BuyerProductController.list()
Mapped "{[/create],methods=[GET]}" onto public void com.imooc.sell.controller.PayController.create(java.lang.String,java.lang.String)
Mapped "{[/wechat/userInfo],methods=[GET]}" onto public java.lang.String com.imooc.sell.controller.WechatController.userInfo(java.lang.String,java.lang.String)
Mapped "{[/wechat/authorize],methods=[GET]}" onto public java.lang.String com.imooc.sell.controller.WechatController.authorize(java.lang.String)
Mapped "{[/weixin/auth],methods=[GET]}" onto public void com.imooc.sell.controller.WeixinController.auth(java.lang.String)
Mapped "{[/error]}" onto public org.springframework.http.ResponseEntity<java.util.Map<java.lang.String, java.lang.Object>> org.springframework.boot.autoconfigure.web.BasicErrorController.error(javax.servlet.http.HttpServletRequest)
Mapped "{[/error],produces=[text/html]}" onto public org.springframework.web.servlet.ModelAndView org.springframework.boot.autoconfigure.web.BasicErrorController.errorHtml(javax.servlet.http.HttpServletRequest,javax.servlet.http.HttpServletResponse)
Mapped URL path [/webjars/**] onto handler of type [class org.springframework.web.servlet.resource.ResourceHttpRequestHandler]
Mapped URL path [/**] onto handler of type [class org.springframework.web.servlet.resource.ResourceHttpRequestHandler]
Mapped URL path [/**/favicon.ico] onto handler of type [class org.springframework.web.servlet.resource.ResourceHttpRequestHandler]
Started PayServiceImplTest in 4.681 seconds (JVM running for 5.514)
HHH000397: Using ASTQueryTranslatorFactory
【微信支付】request=PayRequest(payTypeEnum=WXPAY_H5, orderId=1584867260118258357, orderAmount=40.0, orderName=微信点餐订单, openid="oTgZpwSmF3qlWRCUOCI9rI_GcCPg")
Closing org.springframework.web.context.support.GenericWebApplicationContext@163d04ff: startup date [Wed Mar 25 19:56:44 CST 2020]; root of context hierarchy
Closing JPA EntityManagerFactory for persistence unit 'default'
Starting PayServiceImplTest on RobertdeMBP.lan with PID 1169 (started by robert in /Users/robert/IdeaProjects/sell)
No active profile set, falling back to default profiles: default
Refreshing org.springframework.web.context.support.GenericWebApplicationContext@163d04ff: startup date [Wed Mar 25 20:01:29 CST 2020]; root of context hierarchy
HV000001: Hibernate Validator 5.3.5.Final
JSR-330 'javax.inject.Inject' annotation found and supported for autowiring
Building JPA container EntityManagerFactory for persistence unit 'default'
HHH000204: Processing PersistenceUnitInfo [
	name: default
	...]
HHH000412: Hibernate Core {5.0.12.Final}
HHH000206: hibernate.properties not found
HHH000021: Bytecode provider name : javassist
HCANN000001: Hibernate Commons Annotations {5.0.1.Final}
HHH000400: Using dialect: org.hibernate.dialect.MySQL5Dialect
Initialized JPA EntityManagerFactory for persistence unit 'default'
Looking for @ControllerAdvice: org.springframework.web.context.support.GenericWebApplicationContext@163d04ff: startup date [Wed Mar 25 20:01:29 CST 2020]; root of context hierarchy
Mapped "{[/buyer/order/detail]}" onto public com.imooc.sell.vo.ResultVO<com.imooc.sell.dto.OrderDTO> com.imooc.sell.controller.BuyerOrderController.detail(java.lang.String,java.lang.String)
Mapped "{[/buyer/order/cancel]}" onto public com.imooc.sell.vo.ResultVO com.imooc.sell.controller.BuyerOrderController.cancel(java.lang.String,java.lang.String)
Mapped "{[/buyer/order/create]}" onto public com.imooc.sell.vo.ResultVO<java.util.Map<java.lang.String, java.lang.String>> com.imooc.sell.controller.BuyerOrderController.create(com.imooc.sell.form.OrderForm,org.springframework.validation.BindingResult)
Mapped "{[/buyer/order/list]}" onto public com.imooc.sell.vo.ResultVO<java.util.List<com.imooc.sell.dto.OrderDTO>> com.imooc.sell.controller.BuyerOrderController.list(java.lang.String,java.lang.Integer,java.lang.Integer)
Mapped "{[/buyer/product/list],methods=[GET]}" onto public com.imooc.sell.vo.ResultVO com.imooc.sell.controller.BuyerProductController.list()
Mapped "{[/create],methods=[GET]}" onto public void com.imooc.sell.controller.PayController.create(java.lang.String,java.lang.String)
Mapped "{[/wechat/authorize],methods=[GET]}" onto public java.lang.String com.imooc.sell.controller.WechatController.authorize(java.lang.String)
Mapped "{[/wechat/userInfo],methods=[GET]}" onto public java.lang.String com.imooc.sell.controller.WechatController.userInfo(java.lang.String,java.lang.String)
Mapped "{[/weixin/auth],methods=[GET]}" onto public void com.imooc.sell.controller.WeixinController.auth(java.lang.String)
Mapped "{[/error],produces=[text/html]}" onto public org.springframework.web.servlet.ModelAndView org.springframework.boot.autoconfigure.web.BasicErrorController.errorHtml(javax.servlet.http.HttpServletRequest,javax.servlet.http.HttpServletResponse)
Mapped "{[/error]}" onto public org.springframework.http.ResponseEntity<java.util.Map<java.lang.String, java.lang.Object>> org.springframework.boot.autoconfigure.web.BasicErrorController.error(javax.servlet.http.HttpServletRequest)
Mapped URL path [/webjars/**] onto handler of type [class org.springframework.web.servlet.resource.ResourceHttpRequestHandler]
Mapped URL path [/**] onto handler of type [class org.springframework.web.servlet.resource.ResourceHttpRequestHandler]
Mapped URL path [/**/favicon.ico] onto handler of type [class org.springframework.web.servlet.resource.ResourceHttpRequestHandler]
Started PayServiceImplTest in 5.052 seconds (JVM running for 5.898)
HHH000397: Using ASTQueryTranslatorFactory
【微信支付】request=PayRequest(payTypeEnum=WXPAY_H5, orderId=1584867260118258357, orderAmount=40.0, orderName=微信点餐订单, openid=oTgZpwSmF3qlWRCUOCI9rI_GcCPg)
【微信支付response=PayResponse(prePayParams=null, payUri=null, appId=wxd898fcb01713c658, timeStamp=1585137696, nonceStr=2ogP0F4P01GKLrNQ, packAge=prepay_id=wx25200136288896c42eacdcfd1869088100, signType=MD5, paySign=8141954E6490AEF9FD90619A06BD1532, orderAmount=null, orderId=null, outTradeNo=null)
Closing org.springframework.web.context.support.GenericWebApplicationContext@163d04ff: startup date [Wed Mar 25 20:01:29 CST 2020]; root of context hierarchy
Closing JPA EntityManagerFactory for persistence unit 'default'
Starting PayServiceImplTest on RobertdeMBP.lan with PID 1179 (started by robert in /Users/robert/IdeaProjects/sell)
No active profile set, falling back to default profiles: default
Refreshing org.springframework.web.context.support.GenericWebApplicationContext@163d04ff: startup date [Wed Mar 25 20:05:09 CST 2020]; root of context hierarchy
HV000001: Hibernate Validator 5.3.5.Final
JSR-330 'javax.inject.Inject' annotation found and supported for autowiring
Building JPA container EntityManagerFactory for persistence unit 'default'
HHH000204: Processing PersistenceUnitInfo [
	name: default
	...]
HHH000412: Hibernate Core {5.0.12.Final}
HHH000206: hibernate.properties not found
HHH000021: Bytecode provider name : javassist
HCANN000001: Hibernate Commons Annotations {5.0.1.Final}
HHH000400: Using dialect: org.hibernate.dialect.MySQL5Dialect
Initialized JPA EntityManagerFactory for persistence unit 'default'
Looking for @ControllerAdvice: org.springframework.web.context.support.GenericWebApplicationContext@163d04ff: startup date [Wed Mar 25 20:05:09 CST 2020]; root of context hierarchy
Mapped "{[/buyer/order/create]}" onto public com.imooc.sell.vo.ResultVO<java.util.Map<java.lang.String, java.lang.String>> com.imooc.sell.controller.BuyerOrderController.create(com.imooc.sell.form.OrderForm,org.springframework.validation.BindingResult)
Mapped "{[/buyer/order/list]}" onto public com.imooc.sell.vo.ResultVO<java.util.List<com.imooc.sell.dto.OrderDTO>> com.imooc.sell.controller.BuyerOrderController.list(java.lang.String,java.lang.Integer,java.lang.Integer)
Mapped "{[/buyer/order/cancel]}" onto public com.imooc.sell.vo.ResultVO com.imooc.sell.controller.BuyerOrderController.cancel(java.lang.String,java.lang.String)
Mapped "{[/buyer/order/detail]}" onto public com.imooc.sell.vo.ResultVO<com.imooc.sell.dto.OrderDTO> com.imooc.sell.controller.BuyerOrderController.detail(java.lang.String,java.lang.String)
Mapped "{[/buyer/product/list],methods=[GET]}" onto public com.imooc.sell.vo.ResultVO com.imooc.sell.controller.BuyerProductController.list()
Mapped "{[/create],methods=[GET]}" onto public void com.imooc.sell.controller.PayController.create(java.lang.String,java.lang.String)
Mapped "{[/wechat/userInfo],methods=[GET]}" onto public java.lang.String com.imooc.sell.controller.WechatController.userInfo(java.lang.String,java.lang.String)
Mapped "{[/wechat/authorize],methods=[GET]}" onto public java.lang.String com.imooc.sell.controller.WechatController.authorize(java.lang.String)
Mapped "{[/weixin/auth],methods=[GET]}" onto public void com.imooc.sell.controller.WeixinController.auth(java.lang.String)
Mapped "{[/error]}" onto public org.springframework.http.ResponseEntity<java.util.Map<java.lang.String, java.lang.Object>> org.springframework.boot.autoconfigure.web.BasicErrorController.error(javax.servlet.http.HttpServletRequest)
Mapped "{[/error],produces=[text/html]}" onto public org.springframework.web.servlet.ModelAndView org.springframework.boot.autoconfigure.web.BasicErrorController.errorHtml(javax.servlet.http.HttpServletRequest,javax.servlet.http.HttpServletResponse)
Mapped URL path [/webjars/**] onto handler of type [class org.springframework.web.servlet.resource.ResourceHttpRequestHandler]
Mapped URL path [/**] onto handler of type [class org.springframework.web.servlet.resource.ResourceHttpRequestHandler]
Mapped URL path [/**/favicon.ico] onto handler of type [class org.springframework.web.servlet.resource.ResourceHttpRequestHandler]
Started PayServiceImplTest in 4.563 seconds (JVM running for 5.396)
HHH000397: Using ASTQueryTranslatorFactory
【微信支付】request={
  "payTypeEnum": "WXPAY_H5",
  "orderId": "1584867260118258357",
  "orderAmount": 40.0,
  "orderName": "微信点餐订单",
  "openid": "oTgZpwSmF3qlWRCUOCI9rI_GcCPg"
}
【微信支付】response={
  "appId": "wxd898fcb01713c658",
  "timeStamp": "1585137915",
  "nonceStr": "dH2LifJ4qrS15SHK",
  "packAge": "prepay_id\u003dwx25200514737187c42eacdcfd1852166100",
  "signType": "MD5",
  "paySign": "2C0AE490F581A96D168475C9E0ADBD94"
}
Closing org.springframework.web.context.support.GenericWebApplicationContext@163d04ff: startup date [Wed Mar 25 20:05:09 CST 2020]; root of context hierarchy
Closing JPA EntityManagerFactory for persistence unit 'default'
Starting SellApplication on RobertdeMBP.lan with PID 1185 (/Users/robert/IdeaProjects/sell/target/classes started by robert in /Users/robert/IdeaProjects/sell)
No active profile set, falling back to default profiles: default
Refreshing org.springframework.boot.context.embedded.AnnotationConfigEmbeddedWebApplicationContext@55493582: startup date [Wed Mar 25 20:13:07 CST 2020]; root of context hierarchy
HV000001: Hibernate Validator 5.3.5.Final
JSR-330 'javax.inject.Inject' annotation found and supported for autowiring
Tomcat initialized with port(s): 8080 (http)
Starting service Tomcat
Starting Servlet Engine: Apache Tomcat/8.5.14
Initializing Spring embedded WebApplicationContext
Root WebApplicationContext: initialization completed in 1150 ms
Mapping servlet: 'dispatcherServlet' to [/]
Mapping filter: 'characterEncodingFilter' to: [/*]
Mapping filter: 'hiddenHttpMethodFilter' to: [/*]
Mapping filter: 'httpPutFormContentFilter' to: [/*]
Mapping filter: 'requestContextFilter' to: [/*]
Building JPA container EntityManagerFactory for persistence unit 'default'
HHH000204: Processing PersistenceUnitInfo [
	name: default
	...]
HHH000412: Hibernate Core {5.0.12.Final}
HHH000206: hibernate.properties not found
HHH000021: Bytecode provider name : javassist
HCANN000001: Hibernate Commons Annotations {5.0.1.Final}
HHH000400: Using dialect: org.hibernate.dialect.MySQL5Dialect
Initialized JPA EntityManagerFactory for persistence unit 'default'
Looking for @ControllerAdvice: org.springframework.boot.context.embedded.AnnotationConfigEmbeddedWebApplicationContext@55493582: startup date [Wed Mar 25 20:13:07 CST 2020]; root of context hierarchy
Mapped "{[/buyer/order/cancel]}" onto public com.imooc.sell.vo.ResultVO com.imooc.sell.controller.BuyerOrderController.cancel(java.lang.String,java.lang.String)
Mapped "{[/buyer/order/detail]}" onto public com.imooc.sell.vo.ResultVO<com.imooc.sell.dto.OrderDTO> com.imooc.sell.controller.BuyerOrderController.detail(java.lang.String,java.lang.String)
Mapped "{[/buyer/order/create]}" onto public com.imooc.sell.vo.ResultVO<java.util.Map<java.lang.String, java.lang.String>> com.imooc.sell.controller.BuyerOrderController.create(com.imooc.sell.form.OrderForm,org.springframework.validation.BindingResult)
Mapped "{[/buyer/order/list]}" onto public com.imooc.sell.vo.ResultVO<java.util.List<com.imooc.sell.dto.OrderDTO>> com.imooc.sell.controller.BuyerOrderController.list(java.lang.String,java.lang.Integer,java.lang.Integer)
Mapped "{[/buyer/product/list],methods=[GET]}" onto public com.imooc.sell.vo.ResultVO com.imooc.sell.controller.BuyerProductController.list()
Mapped "{[/create],methods=[GET]}" onto public void com.imooc.sell.controller.PayController.create(java.lang.String,java.lang.String)
Mapped "{[/wechat/userInfo],methods=[GET]}" onto public java.lang.String com.imooc.sell.controller.WechatController.userInfo(java.lang.String,java.lang.String)
Mapped "{[/wechat/authorize],methods=[GET]}" onto public java.lang.String com.imooc.sell.controller.WechatController.authorize(java.lang.String)
Mapped "{[/weixin/auth],methods=[GET]}" onto public void com.imooc.sell.controller.WeixinController.auth(java.lang.String)
Mapped "{[/error],produces=[text/html]}" onto public org.springframework.web.servlet.ModelAndView org.springframework.boot.autoconfigure.web.BasicErrorController.errorHtml(javax.servlet.http.HttpServletRequest,javax.servlet.http.HttpServletResponse)
Mapped "{[/error]}" onto public org.springframework.http.ResponseEntity<java.util.Map<java.lang.String, java.lang.Object>> org.springframework.boot.autoconfigure.web.BasicErrorController.error(javax.servlet.http.HttpServletRequest)
Mapped URL path [/webjars/**] onto handler of type [class org.springframework.web.servlet.resource.ResourceHttpRequestHandler]
Mapped URL path [/**] onto handler of type [class org.springframework.web.servlet.resource.ResourceHttpRequestHandler]
Mapped URL path [/**/favicon.ico] onto handler of type [class org.springframework.web.servlet.resource.ResourceHttpRequestHandler]
Registering beans for JMX exposure on startup
Initializing ProtocolHandler ["http-nio-8080"]
Starting ProtocolHandler ["http-nio-8080"]
Using a shared selector for servlet write/read
Tomcat started on port(s): 8080 (http)
Started SellApplication in 3.58 seconds (JVM running for 4.307)
Initializing Spring FrameworkServlet 'dispatcherServlet'
FrameworkServlet 'dispatcherServlet': initialization started
FrameworkServlet 'dispatcherServlet': initialization completed in 20 ms
Starting PayServiceImplTest on RobertdeMBP.lan with PID 1199 (started by robert in /Users/robert/IdeaProjects/sell)
No active profile set, falling back to default profiles: default
Refreshing org.springframework.web.context.support.GenericWebApplicationContext@163d04ff: startup date [Wed Mar 25 20:18:36 CST 2020]; root of context hierarchy
HV000001: Hibernate Validator 5.3.5.Final
JSR-330 'javax.inject.Inject' annotation found and supported for autowiring
Building JPA container EntityManagerFactory for persistence unit 'default'
HHH000204: Processing PersistenceUnitInfo [
	name: default
	...]
HHH000412: Hibernate Core {5.0.12.Final}
HHH000206: hibernate.properties not found
HHH000021: Bytecode provider name : javassist
HCANN000001: Hibernate Commons Annotations {5.0.1.Final}
HHH000400: Using dialect: org.hibernate.dialect.MySQL5Dialect
Initialized JPA EntityManagerFactory for persistence unit 'default'
Looking for @ControllerAdvice: org.springframework.web.context.support.GenericWebApplicationContext@163d04ff: startup date [Wed Mar 25 20:18:36 CST 2020]; root of context hierarchy
Mapped "{[/buyer/order/create]}" onto public com.imooc.sell.vo.ResultVO<java.util.Map<java.lang.String, java.lang.String>> com.imooc.sell.controller.BuyerOrderController.create(com.imooc.sell.form.OrderForm,org.springframework.validation.BindingResult)
Mapped "{[/buyer/order/list]}" onto public com.imooc.sell.vo.ResultVO<java.util.List<com.imooc.sell.dto.OrderDTO>> com.imooc.sell.controller.BuyerOrderController.list(java.lang.String,java.lang.Integer,java.lang.Integer)
Mapped "{[/buyer/order/cancel]}" onto public com.imooc.sell.vo.ResultVO com.imooc.sell.controller.BuyerOrderController.cancel(java.lang.String,java.lang.String)
Mapped "{[/buyer/order/detail]}" onto public com.imooc.sell.vo.ResultVO<com.imooc.sell.dto.OrderDTO> com.imooc.sell.controller.BuyerOrderController.detail(java.lang.String,java.lang.String)
Mapped "{[/buyer/product/list],methods=[GET]}" onto public com.imooc.sell.vo.ResultVO com.imooc.sell.controller.BuyerProductController.list()
Mapped "{[/create],methods=[GET]}" onto public void com.imooc.sell.controller.PayController.create(java.lang.String,java.lang.String)
Mapped "{[/wechat/authorize],methods=[GET]}" onto public java.lang.String com.imooc.sell.controller.WechatController.authorize(java.lang.String)
Mapped "{[/wechat/userInfo],methods=[GET]}" onto public java.lang.String com.imooc.sell.controller.WechatController.userInfo(java.lang.String,java.lang.String)
Mapped "{[/weixin/auth],methods=[GET]}" onto public void com.imooc.sell.controller.WeixinController.auth(java.lang.String)
Mapped "{[/error]}" onto public org.springframework.http.ResponseEntity<java.util.Map<java.lang.String, java.lang.Object>> org.springframework.boot.autoconfigure.web.BasicErrorController.error(javax.servlet.http.HttpServletRequest)
Mapped "{[/error],produces=[text/html]}" onto public org.springframework.web.servlet.ModelAndView org.springframework.boot.autoconfigure.web.BasicErrorController.errorHtml(javax.servlet.http.HttpServletRequest,javax.servlet.http.HttpServletResponse)
Mapped URL path [/webjars/**] onto handler of type [class org.springframework.web.servlet.resource.ResourceHttpRequestHandler]
Mapped URL path [/**] onto handler of type [class org.springframework.web.servlet.resource.ResourceHttpRequestHandler]
Mapped URL path [/**/favicon.ico] onto handler of type [class org.springframework.web.servlet.resource.ResourceHttpRequestHandler]
Started PayServiceImplTest in 4.581 seconds (JVM running for 5.475)
HHH000397: Using ASTQueryTranslatorFactory
【微信支付】request={
  "payTypeEnum": "WXPAY_H5",
  "orderId": "1584867260118258357",
  "orderAmount": 40.0,
  "orderName": "微信点餐订单",
  "openid": "oTgZpwSmF3qlWRCUOCI9rI_GcCPg"
}
【微信支付】response={
  "appId": "wxd898fcb01713c658",
  "timeStamp": "1585138721",
  "nonceStr": "7UswgyOgwT4q81rs",
  "packAge": "prepay_id\u003dwx25201841085594c42eacdcfd1224875500",
  "signType": "MD5",
  "paySign": "F7D6105330C30839E72E975232749EF1"
}
Closing org.springframework.web.context.support.GenericWebApplicationContext@163d04ff: startup date [Wed Mar 25 20:18:36 CST 2020]; root of context hierarchy
Closing JPA EntityManagerFactory for persistence unit 'default'
Closing org.springframework.boot.context.embedded.AnnotationConfigEmbeddedWebApplicationContext@55493582: startup date [Wed Mar 25 20:13:07 CST 2020]; root of context hierarchy
Unregistering JMX-exposed beans on shutdown
Closing JPA EntityManagerFactory for persistence unit 'default'
Starting SellApplication on RobertdeMBP.lan with PID 1207 (/Users/robert/IdeaProjects/sell/target/classes started by robert in /Users/robert/IdeaProjects/sell)
No active profile set, falling back to default profiles: default
Refreshing org.springframework.boot.context.embedded.AnnotationConfigEmbeddedWebApplicationContext@55493582: startup date [Wed Mar 25 20:21:34 CST 2020]; root of context hierarchy
HV000001: Hibernate Validator 5.3.5.Final
JSR-330 'javax.inject.Inject' annotation found and supported for autowiring
Tomcat initialized with port(s): 8080 (http)
Starting service Tomcat
Starting Servlet Engine: Apache Tomcat/8.5.14
Initializing Spring embedded WebApplicationContext
Root WebApplicationContext: initialization completed in 1165 ms
Mapping servlet: 'dispatcherServlet' to [/]
Mapping filter: 'characterEncodingFilter' to: [/*]
Mapping filter: 'hiddenHttpMethodFilter' to: [/*]
Mapping filter: 'httpPutFormContentFilter' to: [/*]
Mapping filter: 'requestContextFilter' to: [/*]
Building JPA container EntityManagerFactory for persistence unit 'default'
HHH000204: Processing PersistenceUnitInfo [
	name: default
	...]
HHH000412: Hibernate Core {5.0.12.Final}
HHH000206: hibernate.properties not found
HHH000021: Bytecode provider name : javassist
HCANN000001: Hibernate Commons Annotations {5.0.1.Final}
HHH000400: Using dialect: org.hibernate.dialect.MySQL5Dialect
Initialized JPA EntityManagerFactory for persistence unit 'default'
Looking for @ControllerAdvice: org.springframework.boot.context.embedded.AnnotationConfigEmbeddedWebApplicationContext@55493582: startup date [Wed Mar 25 20:21:34 CST 2020]; root of context hierarchy
Mapped "{[/buyer/order/create]}" onto public com.imooc.sell.vo.ResultVO<java.util.Map<java.lang.String, java.lang.String>> com.imooc.sell.controller.BuyerOrderController.create(com.imooc.sell.form.OrderForm,org.springframework.validation.BindingResult)
Mapped "{[/buyer/order/list]}" onto public com.imooc.sell.vo.ResultVO<java.util.List<com.imooc.sell.dto.OrderDTO>> com.imooc.sell.controller.BuyerOrderController.list(java.lang.String,java.lang.Integer,java.lang.Integer)
Mapped "{[/buyer/order/cancel]}" onto public com.imooc.sell.vo.ResultVO com.imooc.sell.controller.BuyerOrderController.cancel(java.lang.String,java.lang.String)
Mapped "{[/buyer/order/detail]}" onto public com.imooc.sell.vo.ResultVO<com.imooc.sell.dto.OrderDTO> com.imooc.sell.controller.BuyerOrderController.detail(java.lang.String,java.lang.String)
Mapped "{[/buyer/product/list],methods=[GET]}" onto public com.imooc.sell.vo.ResultVO com.imooc.sell.controller.BuyerProductController.list()
Mapped "{[/create],methods=[GET]}" onto public void com.imooc.sell.controller.PayController.create(java.lang.String,java.lang.String)
Mapped "{[/wechat/authorize],methods=[GET]}" onto public java.lang.String com.imooc.sell.controller.WechatController.authorize(java.lang.String)
Mapped "{[/wechat/userInfo],methods=[GET]}" onto public java.lang.String com.imooc.sell.controller.WechatController.userInfo(java.lang.String,java.lang.String)
Mapped "{[/weixin/auth],methods=[GET]}" onto public void com.imooc.sell.controller.WeixinController.auth(java.lang.String)
Mapped "{[/error],produces=[text/html]}" onto public org.springframework.web.servlet.ModelAndView org.springframework.boot.autoconfigure.web.BasicErrorController.errorHtml(javax.servlet.http.HttpServletRequest,javax.servlet.http.HttpServletResponse)
Mapped "{[/error]}" onto public org.springframework.http.ResponseEntity<java.util.Map<java.lang.String, java.lang.Object>> org.springframework.boot.autoconfigure.web.BasicErrorController.error(javax.servlet.http.HttpServletRequest)
Mapped URL path [/webjars/**] onto handler of type [class org.springframework.web.servlet.resource.ResourceHttpRequestHandler]
Mapped URL path [/**] onto handler of type [class org.springframework.web.servlet.resource.ResourceHttpRequestHandler]
Mapped URL path [/**/favicon.ico] onto handler of type [class org.springframework.web.servlet.resource.ResourceHttpRequestHandler]
Registering beans for JMX exposure on startup
Initializing ProtocolHandler ["http-nio-8080"]
Starting ProtocolHandler ["http-nio-8080"]
Using a shared selector for servlet write/read
Tomcat started on port(s): 8080 (http)
Started SellApplication in 3.477 seconds (JVM running for 4.119)
Initializing Spring FrameworkServlet 'dispatcherServlet'
FrameworkServlet 'dispatcherServlet': initialization started
FrameworkServlet 'dispatcherServlet': initialization completed in 18 ms
Closing org.springframework.boot.context.embedded.AnnotationConfigEmbeddedWebApplicationContext@55493582: startup date [Wed Mar 25 20:21:34 CST 2020]; root of context hierarchy
Unregistering JMX-exposed beans on shutdown
Closing JPA EntityManagerFactory for persistence unit 'default'
Starting SellApplication on RobertdeMBP.lan with PID 1245 (/Users/robert/IdeaProjects/sell/target/classes started by robert in /Users/robert/IdeaProjects/sell)
No active profile set, falling back to default profiles: default
Refreshing org.springframework.boot.context.embedded.AnnotationConfigEmbeddedWebApplicationContext@55493582: startup date [Wed Mar 25 20:36:22 CST 2020]; root of context hierarchy
HV000001: Hibernate Validator 5.3.5.Final
JSR-330 'javax.inject.Inject' annotation found and supported for autowiring
Tomcat initialized with port(s): 8080 (http)
Starting service Tomcat
Starting Servlet Engine: Apache Tomcat/8.5.14
Initializing Spring embedded WebApplicationContext
Root WebApplicationContext: initialization completed in 1024 ms
Mapping servlet: 'dispatcherServlet' to [/]
Mapping filter: 'characterEncodingFilter' to: [/*]
Mapping filter: 'hiddenHttpMethodFilter' to: [/*]
Mapping filter: 'httpPutFormContentFilter' to: [/*]
Mapping filter: 'requestContextFilter' to: [/*]
Building JPA container EntityManagerFactory for persistence unit 'default'
HHH000204: Processing PersistenceUnitInfo [
	name: default
	...]
HHH000412: Hibernate Core {5.0.12.Final}
HHH000206: hibernate.properties not found
HHH000021: Bytecode provider name : javassist
HCANN000001: Hibernate Commons Annotations {5.0.1.Final}
HHH000400: Using dialect: org.hibernate.dialect.MySQL5Dialect
Initialized JPA EntityManagerFactory for persistence unit 'default'
Looking for @ControllerAdvice: org.springframework.boot.context.embedded.AnnotationConfigEmbeddedWebApplicationContext@55493582: startup date [Wed Mar 25 20:36:22 CST 2020]; root of context hierarchy
Mapped "{[/buyer/order/create]}" onto public com.imooc.sell.vo.ResultVO<java.util.Map<java.lang.String, java.lang.String>> com.imooc.sell.controller.BuyerOrderController.create(com.imooc.sell.form.OrderForm,org.springframework.validation.BindingResult)
Mapped "{[/buyer/order/list]}" onto public com.imooc.sell.vo.ResultVO<java.util.List<com.imooc.sell.dto.OrderDTO>> com.imooc.sell.controller.BuyerOrderController.list(java.lang.String,java.lang.Integer,java.lang.Integer)
Mapped "{[/buyer/order/cancel]}" onto public com.imooc.sell.vo.ResultVO com.imooc.sell.controller.BuyerOrderController.cancel(java.lang.String,java.lang.String)
Mapped "{[/buyer/order/detail]}" onto public com.imooc.sell.vo.ResultVO<com.imooc.sell.dto.OrderDTO> com.imooc.sell.controller.BuyerOrderController.detail(java.lang.String,java.lang.String)
Mapped "{[/buyer/product/list],methods=[GET]}" onto public com.imooc.sell.vo.ResultVO com.imooc.sell.controller.BuyerProductController.list()
Mapped "{[/pay/create],methods=[GET]}" onto public void com.imooc.sell.controller.PayController.create(java.lang.String,java.lang.String)
Mapped "{[/wechat/userInfo],methods=[GET]}" onto public java.lang.String com.imooc.sell.controller.WechatController.userInfo(java.lang.String,java.lang.String)
Mapped "{[/wechat/authorize],methods=[GET]}" onto public java.lang.String com.imooc.sell.controller.WechatController.authorize(java.lang.String)
Mapped "{[/weixin/auth],methods=[GET]}" onto public void com.imooc.sell.controller.WeixinController.auth(java.lang.String)
Mapped "{[/error]}" onto public org.springframework.http.ResponseEntity<java.util.Map<java.lang.String, java.lang.Object>> org.springframework.boot.autoconfigure.web.BasicErrorController.error(javax.servlet.http.HttpServletRequest)
Mapped "{[/error],produces=[text/html]}" onto public org.springframework.web.servlet.ModelAndView org.springframework.boot.autoconfigure.web.BasicErrorController.errorHtml(javax.servlet.http.HttpServletRequest,javax.servlet.http.HttpServletResponse)
Mapped URL path [/webjars/**] onto handler of type [class org.springframework.web.servlet.resource.ResourceHttpRequestHandler]
Mapped URL path [/**] onto handler of type [class org.springframework.web.servlet.resource.ResourceHttpRequestHandler]
Mapped URL path [/**/favicon.ico] onto handler of type [class org.springframework.web.servlet.resource.ResourceHttpRequestHandler]
Registering beans for JMX exposure on startup
Initializing ProtocolHandler ["http-nio-8080"]
Starting ProtocolHandler ["http-nio-8080"]
Using a shared selector for servlet write/read
Tomcat started on port(s): 8080 (http)
Started SellApplication in 3.415 seconds (JVM running for 4.036)
Initializing Spring FrameworkServlet 'dispatcherServlet'
FrameworkServlet 'dispatcherServlet': initialization started
FrameworkServlet 'dispatcherServlet': initialization completed in 17 ms
HHH000397: Using ASTQueryTranslatorFactory
Closing org.springframework.boot.context.embedded.AnnotationConfigEmbeddedWebApplicationContext@55493582: startup date [Wed Mar 25 20:36:22 CST 2020]; root of context hierarchy
Unregistering JMX-exposed beans on shutdown
Closing JPA EntityManagerFactory for persistence unit 'default'
Starting PayServiceImplTest on RobertdeMBP.lan with PID 1281 (started by robert in /Users/robert/IdeaProjects/sell)
No active profile set, falling back to default profiles: default
Refreshing org.springframework.web.context.support.GenericWebApplicationContext@163d04ff: startup date [Wed Mar 25 20:40:01 CST 2020]; root of context hierarchy
HV000001: Hibernate Validator 5.3.5.Final
JSR-330 'javax.inject.Inject' annotation found and supported for autowiring
Building JPA container EntityManagerFactory for persistence unit 'default'
HHH000204: Processing PersistenceUnitInfo [
	name: default
	...]
HHH000412: Hibernate Core {5.0.12.Final}
HHH000206: hibernate.properties not found
HHH000021: Bytecode provider name : javassist
HCANN000001: Hibernate Commons Annotations {5.0.1.Final}
HHH000400: Using dialect: org.hibernate.dialect.MySQL5Dialect
Initialized JPA EntityManagerFactory for persistence unit 'default'
Looking for @ControllerAdvice: org.springframework.web.context.support.GenericWebApplicationContext@163d04ff: startup date [Wed Mar 25 20:40:01 CST 2020]; root of context hierarchy
Mapped "{[/buyer/order/create]}" onto public com.imooc.sell.vo.ResultVO<java.util.Map<java.lang.String, java.lang.String>> com.imooc.sell.controller.BuyerOrderController.create(com.imooc.sell.form.OrderForm,org.springframework.validation.BindingResult)
Mapped "{[/buyer/order/list]}" onto public com.imooc.sell.vo.ResultVO<java.util.List<com.imooc.sell.dto.OrderDTO>> com.imooc.sell.controller.BuyerOrderController.list(java.lang.String,java.lang.Integer,java.lang.Integer)
Mapped "{[/buyer/order/cancel]}" onto public com.imooc.sell.vo.ResultVO com.imooc.sell.controller.BuyerOrderController.cancel(java.lang.String,java.lang.String)
Mapped "{[/buyer/order/detail]}" onto public com.imooc.sell.vo.ResultVO<com.imooc.sell.dto.OrderDTO> com.imooc.sell.controller.BuyerOrderController.detail(java.lang.String,java.lang.String)
Mapped "{[/buyer/product/list],methods=[GET]}" onto public com.imooc.sell.vo.ResultVO com.imooc.sell.controller.BuyerProductController.list()
Mapped "{[/pay/create],methods=[GET]}" onto public void com.imooc.sell.controller.PayController.create(java.lang.String,java.lang.String)
Mapped "{[/wechat/userInfo],methods=[GET]}" onto public java.lang.String com.imooc.sell.controller.WechatController.userInfo(java.lang.String,java.lang.String)
Mapped "{[/wechat/authorize],methods=[GET]}" onto public java.lang.String com.imooc.sell.controller.WechatController.authorize(java.lang.String)
Mapped "{[/weixin/auth],methods=[GET]}" onto public void com.imooc.sell.controller.WeixinController.auth(java.lang.String)
Mapped "{[/error]}" onto public org.springframework.http.ResponseEntity<java.util.Map<java.lang.String, java.lang.Object>> org.springframework.boot.autoconfigure.web.BasicErrorController.error(javax.servlet.http.HttpServletRequest)
Mapped "{[/error],produces=[text/html]}" onto public org.springframework.web.servlet.ModelAndView org.springframework.boot.autoconfigure.web.BasicErrorController.errorHtml(javax.servlet.http.HttpServletRequest,javax.servlet.http.HttpServletResponse)
Mapped URL path [/webjars/**] onto handler of type [class org.springframework.web.servlet.resource.ResourceHttpRequestHandler]
Mapped URL path [/**] onto handler of type [class org.springframework.web.servlet.resource.ResourceHttpRequestHandler]
Mapped URL path [/**/favicon.ico] onto handler of type [class org.springframework.web.servlet.resource.ResourceHttpRequestHandler]
Started PayServiceImplTest in 4.68 seconds (JVM running for 5.441)
HHH000397: Using ASTQueryTranslatorFactory
【微信支付】request={
  "payTypeEnum": "WXPAY_H5",
  "orderId": "1584867260118258357",
  "orderAmount": 0.01,
  "orderName": "微信点餐订单",
  "openid": "oTgZpwSmF3qlWRCUOCI9rI_GcCPg"
}
Closing org.springframework.web.context.support.GenericWebApplicationContext@163d04ff: startup date [Wed Mar 25 20:40:01 CST 2020]; root of context hierarchy
Closing JPA EntityManagerFactory for persistence unit 'default'
Starting PayServiceImplTest on RobertdeMBP.lan with PID 1287 (started by robert in /Users/robert/IdeaProjects/sell)
No active profile set, falling back to default profiles: default
Refreshing org.springframework.web.context.support.GenericWebApplicationContext@163d04ff: startup date [Wed Mar 25 20:41:10 CST 2020]; root of context hierarchy
HV000001: Hibernate Validator 5.3.5.Final
JSR-330 'javax.inject.Inject' annotation found and supported for autowiring
Building JPA container EntityManagerFactory for persistence unit 'default'
HHH000204: Processing PersistenceUnitInfo [
	name: default
	...]
HHH000412: Hibernate Core {5.0.12.Final}
HHH000206: hibernate.properties not found
HHH000021: Bytecode provider name : javassist
HCANN000001: Hibernate Commons Annotations {5.0.1.Final}
HHH000400: Using dialect: org.hibernate.dialect.MySQL5Dialect
Initialized JPA EntityManagerFactory for persistence unit 'default'
Looking for @ControllerAdvice: org.springframework.web.context.support.GenericWebApplicationContext@163d04ff: startup date [Wed Mar 25 20:41:10 CST 2020]; root of context hierarchy
Mapped "{[/buyer/order/cancel]}" onto public com.imooc.sell.vo.ResultVO com.imooc.sell.controller.BuyerOrderController.cancel(java.lang.String,java.lang.String)
Mapped "{[/buyer/order/create]}" onto public com.imooc.sell.vo.ResultVO<java.util.Map<java.lang.String, java.lang.String>> com.imooc.sell.controller.BuyerOrderController.create(com.imooc.sell.form.OrderForm,org.springframework.validation.BindingResult)
Mapped "{[/buyer/order/list]}" onto public com.imooc.sell.vo.ResultVO<java.util.List<com.imooc.sell.dto.OrderDTO>> com.imooc.sell.controller.BuyerOrderController.list(java.lang.String,java.lang.Integer,java.lang.Integer)
Mapped "{[/buyer/order/detail]}" onto public com.imooc.sell.vo.ResultVO<com.imooc.sell.dto.OrderDTO> com.imooc.sell.controller.BuyerOrderController.detail(java.lang.String,java.lang.String)
Mapped "{[/buyer/product/list],methods=[GET]}" onto public com.imooc.sell.vo.ResultVO com.imooc.sell.controller.BuyerProductController.list()
Mapped "{[/pay/create],methods=[GET]}" onto public void com.imooc.sell.controller.PayController.create(java.lang.String,java.lang.String)
Mapped "{[/wechat/authorize],methods=[GET]}" onto public java.lang.String com.imooc.sell.controller.WechatController.authorize(java.lang.String)
Mapped "{[/wechat/userInfo],methods=[GET]}" onto public java.lang.String com.imooc.sell.controller.WechatController.userInfo(java.lang.String,java.lang.String)
Mapped "{[/weixin/auth],methods=[GET]}" onto public void com.imooc.sell.controller.WeixinController.auth(java.lang.String)
Mapped "{[/error]}" onto public org.springframework.http.ResponseEntity<java.util.Map<java.lang.String, java.lang.Object>> org.springframework.boot.autoconfigure.web.BasicErrorController.error(javax.servlet.http.HttpServletRequest)
Mapped "{[/error],produces=[text/html]}" onto public org.springframework.web.servlet.ModelAndView org.springframework.boot.autoconfigure.web.BasicErrorController.errorHtml(javax.servlet.http.HttpServletRequest,javax.servlet.http.HttpServletResponse)
Mapped URL path [/webjars/**] onto handler of type [class org.springframework.web.servlet.resource.ResourceHttpRequestHandler]
Mapped URL path [/**] onto handler of type [class org.springframework.web.servlet.resource.ResourceHttpRequestHandler]
Mapped URL path [/**/favicon.ico] onto handler of type [class org.springframework.web.servlet.resource.ResourceHttpRequestHandler]
Started PayServiceImplTest in 4.609 seconds (JVM running for 5.428)
HHH000397: Using ASTQueryTranslatorFactory
Closing org.springframework.web.context.support.GenericWebApplicationContext@163d04ff: startup date [Wed Mar 25 20:41:10 CST 2020]; root of context hierarchy
Closing JPA EntityManagerFactory for persistence unit 'default'
Starting PayServiceImplTest on RobertdeMBP.lan with PID 1289 (started by robert in /Users/robert/IdeaProjects/sell)
No active profile set, falling back to default profiles: default
Refreshing org.springframework.web.context.support.GenericWebApplicationContext@163d04ff: startup date [Wed Mar 25 20:41:48 CST 2020]; root of context hierarchy
HV000001: Hibernate Validator 5.3.5.Final
JSR-330 'javax.inject.Inject' annotation found and supported for autowiring
Building JPA container EntityManagerFactory for persistence unit 'default'
HHH000204: Processing PersistenceUnitInfo [
	name: default
	...]
HHH000412: Hibernate Core {5.0.12.Final}
HHH000206: hibernate.properties not found
HHH000021: Bytecode provider name : javassist
HCANN000001: Hibernate Commons Annotations {5.0.1.Final}
HHH000400: Using dialect: org.hibernate.dialect.MySQL5Dialect
Initialized JPA EntityManagerFactory for persistence unit 'default'
Looking for @ControllerAdvice: org.springframework.web.context.support.GenericWebApplicationContext@163d04ff: startup date [Wed Mar 25 20:41:48 CST 2020]; root of context hierarchy
Mapped "{[/buyer/order/create]}" onto public com.imooc.sell.vo.ResultVO<java.util.Map<java.lang.String, java.lang.String>> com.imooc.sell.controller.BuyerOrderController.create(com.imooc.sell.form.OrderForm,org.springframework.validation.BindingResult)
Mapped "{[/buyer/order/list]}" onto public com.imooc.sell.vo.ResultVO<java.util.List<com.imooc.sell.dto.OrderDTO>> com.imooc.sell.controller.BuyerOrderController.list(java.lang.String,java.lang.Integer,java.lang.Integer)
Mapped "{[/buyer/order/cancel]}" onto public com.imooc.sell.vo.ResultVO com.imooc.sell.controller.BuyerOrderController.cancel(java.lang.String,java.lang.String)
Mapped "{[/buyer/order/detail]}" onto public com.imooc.sell.vo.ResultVO<com.imooc.sell.dto.OrderDTO> com.imooc.sell.controller.BuyerOrderController.detail(java.lang.String,java.lang.String)
Mapped "{[/buyer/product/list],methods=[GET]}" onto public com.imooc.sell.vo.ResultVO com.imooc.sell.controller.BuyerProductController.list()
Mapped "{[/pay/create],methods=[GET]}" onto public void com.imooc.sell.controller.PayController.create(java.lang.String,java.lang.String)
Mapped "{[/wechat/authorize],methods=[GET]}" onto public java.lang.String com.imooc.sell.controller.WechatController.authorize(java.lang.String)
Mapped "{[/wechat/userInfo],methods=[GET]}" onto public java.lang.String com.imooc.sell.controller.WechatController.userInfo(java.lang.String,java.lang.String)
Mapped "{[/weixin/auth],methods=[GET]}" onto public void com.imooc.sell.controller.WeixinController.auth(java.lang.String)
Mapped "{[/error]}" onto public org.springframework.http.ResponseEntity<java.util.Map<java.lang.String, java.lang.Object>> org.springframework.boot.autoconfigure.web.BasicErrorController.error(javax.servlet.http.HttpServletRequest)
Mapped "{[/error],produces=[text/html]}" onto public org.springframework.web.servlet.ModelAndView org.springframework.boot.autoconfigure.web.BasicErrorController.errorHtml(javax.servlet.http.HttpServletRequest,javax.servlet.http.HttpServletResponse)
Mapped URL path [/webjars/**] onto handler of type [class org.springframework.web.servlet.resource.ResourceHttpRequestHandler]
Mapped URL path [/**] onto handler of type [class org.springframework.web.servlet.resource.ResourceHttpRequestHandler]
Mapped URL path [/**/favicon.ico] onto handler of type [class org.springframework.web.servlet.resource.ResourceHttpRequestHandler]
Started PayServiceImplTest in 4.599 seconds (JVM running for 5.384)
HHH000397: Using ASTQueryTranslatorFactory
【微信支付】request={
  "payTypeEnum": "WXPAY_H5",
  "orderId": "1584867260118258358",
  "orderAmount": 0.01,
  "orderName": "微信点餐订单",
  "openid": "oTgZpwSmF3qlWRCUOCI9rI_GcCPg"
}
【微信支付】response={
  "appId": "wxd898fcb01713c658",
  "timeStamp": "1585140113",
  "nonceStr": "M8WHBcbENtoEeqzb",
  "packAge": "prepay_id\u003dwx25204153191082e73ec85d691048458800",
  "signType": "MD5",
  "paySign": "B836DC77FC436E3A53FB8633ED40EAED"
}
Closing org.springframework.web.context.support.GenericWebApplicationContext@163d04ff: startup date [Wed Mar 25 20:41:48 CST 2020]; root of context hierarchy
Closing JPA EntityManagerFactory for persistence unit 'default'
